<?xml version="1.0" encoding="UTF-8"?>
<!-- Generated by org.testng.reporters.JUnitReportReporter -->
<testsuite skipped="0" hostname="hp-new-21" name="com.example.demo.ApplicationTests" tests="1" failures="0" timestamp="15 Jun 2019 03:41:54 GMT" time="0.014" errors="0">
  <testcase name="contextLoads" time="0.014" classname="com.example.demo.ApplicationTests"/>
</testsuite> <!-- com.example.demo.ApplicationTests -->
